Loaded module: cuda/11.7

[INFO] Training with fixed encoder_seed=12

[INFO] Rerun 0: Reinitializing decoders
Epoch   1 | Train: 300.6742 | Val: 337.5855
Epoch  11 | Train: 160.2205 | Val: 164.6545
Epoch  21 | Train: 157.2791 | Val: 158.0294
Epoch  31 | Train: 155.9086 | Val: 155.1507
Epoch  41 | Train: 153.3179 | Val: 152.5818
Epoch  51 | Train: 150.9722 | Val: 150.1904
Epoch  61 | Train: 148.5766 | Val: 147.8574
Epoch  71 | Train: 146.7272 | Val: 146.0650
Epoch  81 | Train: 145.1707 | Val: 144.5159
Epoch  91 | Train: 143.5967 | Val: 143.0568
Epoch 101 | Train: 142.1408 | Val: 141.7942
Epoch 111 | Train: 141.0376 | Val: 140.8892
Epoch 121 | Train: 140.1375 | Val: 140.1682
Epoch 131 | Train: 139.3637 | Val: 139.1150
Epoch 141 | Train: 138.6903 | Val: 138.6405
Epoch 151 | Train: 138.0809 | Val: 138.1346
Epoch 161 | Train: 137.5691 | Val: 137.6249
Epoch 171 | Train: 137.1710 | Val: 137.1620
Epoch 181 | Train: 136.6882 | Val: 136.5199
Epoch 191 | Train: 136.2538 | Val: 136.1836
Epoch 200 | Train: 135.9430 | Val: 135.8897

[INFO] Rerun 1: Reinitializing decoders
Epoch   1 | Train: 324.3841 | Val: 271.2964
Epoch  11 | Train: 162.0665 | Val: 166.0487
Epoch  21 | Train: 158.2946 | Val: 159.0243
Epoch  31 | Train: 156.7482 | Val: 155.8140
Epoch  41 | Train: 154.1411 | Val: 153.1558
Epoch  51 | Train: 151.6533 | Val: 150.8457
Epoch  61 | Train: 149.7275 | Val: 148.8087
Epoch  71 | Train: 147.2751 | Val: 146.6672
Epoch  81 | Train: 144.9926 | Val: 144.4659
Epoch  91 | Train: 143.5606 | Val: 143.2287
Epoch 101 | Train: 142.4140 | Val: 142.1086
Epoch 111 | Train: 141.4628 | Val: 141.4397
Epoch 121 | Train: 140.5667 | Val: 140.3730
Epoch 131 | Train: 139.7249 | Val: 139.7291
Epoch 141 | Train: 139.1876 | Val: 139.0442
Epoch 151 | Train: 138.5012 | Val: 138.5752
Epoch 161 | Train: 138.1149 | Val: 138.0486
Epoch 171 | Train: 137.5066 | Val: 137.6215
Epoch 181 | Train: 137.0842 | Val: 137.2777
Epoch 191 | Train: 136.7462 | Val: 136.8782
Epoch 200 | Train: 136.3485 | Val: 136.6378

[INFO] Rerun 2: Reinitializing decoders
Epoch   1 | Train: 344.8913 | Val: 317.1813
Epoch  11 | Train: 165.9042 | Val: 169.9148
Epoch  21 | Train: 160.7886 | Val: 161.3730
Epoch  31 | Train: 159.3194 | Val: 158.1129
Epoch  41 | Train: 156.0155 | Val: 155.5333
Epoch  51 | Train: 152.8042 | Val: 151.7618
Epoch  61 | Train: 150.2283 | Val: 149.5539
Epoch  71 | Train: 148.4862 | Val: 147.7761
Epoch  81 | Train: 147.2069 | Val: 146.8507
Epoch  91 | Train: 145.7566 | Val: 145.2921
Epoch 101 | Train: 144.4826 | Val: 144.0763
Epoch 111 | Train: 143.3803 | Val: 143.0967
Epoch 121 | Train: 142.2813 | Val: 142.0315
Epoch 131 | Train: 141.3298 | Val: 141.1559
Epoch 141 | Train: 140.4700 | Val: 140.3194
Epoch 151 | Train: 139.8024 | Val: 139.5940
Epoch 161 | Train: 139.2785 | Val: 139.3706
Epoch 171 | Train: 138.7266 | Val: 138.5770
Epoch 181 | Train: 138.3009 | Val: 138.1761
Epoch 191 | Train: 137.8099 | Val: 137.6762
Epoch 200 | Train: 137.4315 | Val: 137.5996

[INFO] Rerun 3: Reinitializing decoders
Epoch   1 | Train: 290.7884 | Val: 320.2678
Epoch  11 | Train: 160.5913 | Val: 163.9066
Epoch  21 | Train: 154.4949 | Val: 155.3326
Epoch  31 | Train: 153.4434 | Val: 152.5683
Epoch  41 | Train: 150.7593 | Val: 149.9973
Epoch  51 | Train: 148.0420 | Val: 147.3358
Epoch  61 | Train: 146.2450 | Val: 145.3875
Epoch  71 | Train: 144.7108 | Val: 144.2856
Epoch  81 | Train: 143.2778 | Val: 142.9032
Epoch  91 | Train: 142.1713 | Val: 142.0349
Epoch 101 | Train: 141.2026 | Val: 141.1991
Epoch 111 | Train: 140.3059 | Val: 140.1872
Epoch 121 | Train: 139.5120 | Val: 139.2982
Epoch 131 | Train: 138.9249 | Val: 138.5731
Epoch 141 | Train: 138.2872 | Val: 138.2397
Epoch 151 | Train: 137.8492 | Val: 137.7530
Epoch 161 | Train: 137.4659 | Val: 137.5794
Epoch 171 | Train: 136.9728 | Val: 137.0672
Epoch 181 | Train: 136.5064 | Val: 136.8064
Epoch 191 | Train: 136.1545 | Val: 136.2044
Epoch 200 | Train: 135.7439 | Val: 135.7605

[INFO] Rerun 4: Reinitializing decoders
Epoch   1 | Train: 326.9081 | Val: 317.0838
Epoch  11 | Train: 160.1338 | Val: 164.1037
Epoch  21 | Train: 157.2919 | Val: 157.9987
Epoch  31 | Train: 155.7428 | Val: 154.9067
Epoch  41 | Train: 153.5057 | Val: 152.5013
Epoch  51 | Train: 150.6067 | Val: 149.7803
Epoch  61 | Train: 148.4593 | Val: 147.8631
Epoch  71 | Train: 146.9277 | Val: 146.4158
Epoch  81 | Train: 145.5896 | Val: 145.0583
Epoch  91 | Train: 144.3556 | Val: 144.0522
Epoch 101 | Train: 143.1973 | Val: 142.8050
Epoch 111 | Train: 142.1768 | Val: 141.7378
Epoch 121 | Train: 141.2267 | Val: 141.0483
Epoch 131 | Train: 140.4482 | Val: 140.1434
Epoch 141 | Train: 139.7889 | Val: 139.5968
Epoch 151 | Train: 139.1513 | Val: 138.9485
Epoch 161 | Train: 138.6923 | Val: 138.6952
Epoch 171 | Train: 138.1259 | Val: 138.1145
Epoch 181 | Train: 137.7090 | Val: 137.7845
Epoch 191 | Train: 137.2341 | Val: 137.1800
Epoch 200 | Train: 136.7706 | Val: 136.8786
