Loaded module: cuda/11.7
Traceback (most recent call last):
  File "/appl9/python/3.10.16/lib/python3.10/runpy.py", line 196, in _run_module_as_main
    return _run_code(code, main_globals, None,
  File "/appl9/python/3.10.16/lib/python3.10/runpy.py", line 86, in _run_code
    exec(code, run_globals)
  File "/dtu/blackhole/1d/155613/vae-latent-geometry/src/single_decoder/optimize_energy_batched.py", line 133, in <module>
    main(args.seed, args.pairfile, batch_size=5000)  # Adjust batch size as needed
  File "/dtu/blackhole/1d/155613/vae-latent-geometry/src/single_decoder/optimize_energy_batched.py", line 76, in main
    spline_data = torch.load(spline_path, map_location=device)["spline_data"]
  File "/dtu/blackhole/1d/155613/venv_geometry/lib/python3.10/site-packages/torch/serialization.py", line 986, in load
    with _open_file_like(f, 'rb') as opened_file:
  File "/dtu/blackhole/1d/155613/venv_geometry/lib/python3.10/site-packages/torch/serialization.py", line 435, in _open_file_like
    return _open_file(name_or_buffer, mode)
  File "/dtu/blackhole/1d/155613/venv_geometry/lib/python3.10/site-packages/torch/serialization.py", line 416, in __init__
    super().__init__(open(name, mode))
FileNotFoundError: [Errno 2] No such file or directory: 'src/artifacts/spline_batch_seed12_p133.pt'
Traceback (most recent call last):
  File "/appl9/python/3.10.16/lib/python3.10/runpy.py", line 196, in _run_module_as_main
    return _run_code(code, main_globals, None,
  File "/appl9/python/3.10.16/lib/python3.10/runpy.py", line 86, in _run_code
    exec(code, run_globals)
  File "/dtu/blackhole/1d/155613/vae-latent-geometry/src/single_decoder/density_batched.py", line 47, in <module>
    batch_data = torch.load(spline_path, map_location=device)
  File "/dtu/blackhole/1d/155613/venv_geometry/lib/python3.10/site-packages/torch/serialization.py", line 986, in load
    with _open_file_like(f, 'rb') as opened_file:
  File "/dtu/blackhole/1d/155613/venv_geometry/lib/python3.10/site-packages/torch/serialization.py", line 435, in _open_file_like
    return _open_file(name_or_buffer, mode)
  File "/dtu/blackhole/1d/155613/venv_geometry/lib/python3.10/site-packages/torch/serialization.py", line 416, in __init__
    super().__init__(open(name, mode))
FileNotFoundError: [Errno 2] No such file or directory: 'src/artifacts/spline_batch_optimized_batched_seed12_p133.pt'

------------------------------------------------------------
Sender: LSF System <lsfadmin@hpc.dtu.dk>
Subject: Job 25408931: <geodesic_single_batched133> in cluster <dcc> Exited

Job <geodesic_single_batched133> was submitted from host <n-62-12-19> by user <s204088> in cluster <dcc> at Wed Jul  2 13:40:18 2025
Job was executed on host(s) <n-62-12-22>, in queue <gpua100>, as user <s204088> in cluster <dcc> at Wed Jul  2 13:40:18 2025
</zhome/b4/8/155613> was used as the home directory.
</dtu/blackhole/1d/155613/vae-latent-geometry> was used as the working directory.
Started at Wed Jul  2 13:40:18 2025
Terminated at Wed Jul  2 13:40:27 2025
Results reported at Wed Jul  2 13:40:27 2025

Your job looked like:

------------------------------------------------------------
# LSBATCH: User input
#!/bin/bash
#BSUB -J geodesic_single_batched133
#BSUB -q gpua100
#BSUB -W 01:00
#BSUB -n 1
#BSUB -R "rusage[mem=40000]"
#BSUB -M 40000
#BSUB -R "span[hosts=1]"
#BSUB -B s204088@dtu.dk
#BSUB -N s204088@dtu.dk
#BSUB -o init_spline_%J.out
#BSUB -e init_spline_%J.err

# Load modules
module load cuda/11.7

# Go to project directory
cd /dtu/blackhole/1d/155613/vae-latent-geometry || exit 1

# Activate virtual environment
source /dtu/blackhole/1d/155613/venv_geometry/bin/activate

# Set HOME and prepare cache/config folders
export HOME=$PWD
mkdir -p "$HOME/.cache" "$HOME/.config" "$HOME/.huggingface"

export PYTHONPATH=$PWD:$PYTHONPATH

# Run single decoder pipeline (batched)
python -m src.single_decoder.init_spline --seed 12 --pairfile selected_pairs_133.json
python -m src.single_decoder.optimize_energy_batched --seed 12 --pairfile selected_pairs_133.json
python -m src.single_decoder.density_batched --seed 12 --pairs_path src/artifacts/selected_pairs_133.json

------------------------------------------------------------

Exited with exit code 1.

Resource usage summary:

    CPU time :                                   7.66 sec.
    Max Memory :                                 -
    Average Memory :                             -
    Total Requested Memory :                     40000.00 MB
    Delta Memory :                               -
    Max Swap :                                   -
    Max Processes :                              -
    Max Threads :                                -
    Run time :                                   85 sec.
    Turnaround time :                            9 sec.

The output (if any) is above this job summary.

