Loaded module: cuda/11.7
Optimizing splines 0 to 4999
Step 0
Step 50
Step 100
Step 150
Step 200
Step 250
Step 300
Step 350
Step 400
Step 450
Optimizing splines 5000 to 8772
Step 0
Step 50
Step 100
Step 150
Step 200
Step 250
Step 300
Step 350
Step 400
Step 450
Saved: src/artifacts/spline_batch_optimized_batched_seed123_p133.pt
Loaded 8773 optimized splines from: src/artifacts/spline_batch_optimized_batched_seed123_p133.pt
Distance matrix shape: (128, 128)
Saved: src/plots/geodesic_distance_seed123_p133.png
Saved: src/artifacts/geodesic_distances_seed123_p133.json
Saved: src/plots/density_with_splines_seed123_p133.png

------------------------------------------------------------
Sender: LSF System <lsfadmin@hpc.dtu.dk>
Subject: Job 25408159: <geodesic_single_batched133> in cluster <dcc> Done

Job <geodesic_single_batched133> was submitted from host <n-62-12-19> by user <s204088> in cluster <dcc> at Wed Jul  2 12:25:39 2025
Job was executed on host(s) <n-62-12-20>, in queue <gpua100>, as user <s204088> in cluster <dcc> at Wed Jul  2 12:25:41 2025
</zhome/b4/8/155613> was used as the home directory.
</dtu/blackhole/1d/155613/vae-latent-geometry> was used as the working directory.
Started at Wed Jul  2 12:25:41 2025
Terminated at Wed Jul  2 12:31:27 2025
Results reported at Wed Jul  2 12:31:27 2025

Your job looked like:

------------------------------------------------------------
# LSBATCH: User input
#!/bin/bash
#BSUB -J geodesic_single_batched133
#BSUB -q gpua100
#BSUB -W 01:00
#BSUB -n 1
#BSUB -R "rusage[mem=40000]"
#BSUB -M 40000
#BSUB -R "span[hosts=1]"
#BSUB -B s204088@dtu.dk
#BSUB -N s204088@dtu.dk
#BSUB -o single100_batched.out
#BSUB -e single100_batched.err

# Load modules
module load cuda/11.7

# Go to project directory
cd /dtu/blackhole/1d/155613/vae-latent-geometry || exit 1

# Activate virtual environment
source /dtu/blackhole/1d/155613/venv_geometry/bin/activate

# Set HOME and prepare cache/config folders
export HOME=$PWD
mkdir -p "$HOME/.cache" "$HOME/.config" "$HOME/.huggingface"

export PYTHONPATH=$PWD:$PYTHONPATH

# Run single decoder pipeline (batched)
python -m src.single_decoder.init_spline --seed 123 --pairfile selected_pairs_133.json
python -m src.single_decoder.optimize_energy_batched --seed 123 --pairfile selected_pairs_133.json
python -m src.single_decoder.density_batched --seed 123 --pairs_path src/artifacts/selected_pairs_133.json

------------------------------------------------------------

Successfully completed.

Resource usage summary:

    CPU time :                                   344.33 sec.
    Max Memory :                                 1031 MB
    Average Memory :                             814.20 MB
    Total Requested Memory :                     40000.00 MB
    Delta Memory :                               38969.00 MB
    Max Swap :                                   -
    Max Processes :                              4
    Max Threads :                                8
    Run time :                                   452 sec.
    Turnaround time :                            348 sec.

The output (if any) is above this job summary.

