Loaded module: cuda/11.7
Step 0
Step 50
Step 100
Step 150
Step 200
Step 250
Step 300
Step 350
Step 400
Step 450
Saved: src/artifacts/spline_batch_optimized_batched_seed123_p100.pt
Loaded 4946 optimized splines from: src/artifacts/spline_batch_optimized_batched_seed123_p100.pt
Distance matrix shape: (96, 96)
Saved: src/plots/geodesic_distance_seed123_p100.png
Saved: src/artifacts/geodesic_distances_seed123_p100.json
Saved: src/plots/density_with_splines_seed123_p100.png

------------------------------------------------------------
Sender: LSF System <lsfadmin@hpc.dtu.dk>
Subject: Job 25383563: <geodesic_single_batched100> in cluster <dcc> Done

Job <geodesic_single_batched100> was submitted from host <n-62-12-19> by user <s204088> in cluster <dcc> at Tue Jul  1 11:32:10 2025
Job was executed on host(s) <n-62-12-21>, in queue <gpua100>, as user <s204088> in cluster <dcc> at Tue Jul  1 12:13:27 2025
</zhome/b4/8/155613> was used as the home directory.
</dtu/blackhole/1d/155613/vae-latent-geometry> was used as the working directory.
Started at Tue Jul  1 12:13:27 2025
Terminated at Tue Jul  1 12:17:17 2025
Results reported at Tue Jul  1 12:17:17 2025

Your job looked like:

------------------------------------------------------------
# LSBATCH: User input
#!/bin/bash
#BSUB -J geodesic_single_batched100
#BSUB -q gpua100
#BSUB -W 01:00
#BSUB -n 1
#BSUB -R "rusage[mem=40000]"
#BSUB -M 40000
#BSUB -R "span[hosts=1]"
#BSUB -B s204088@dtu.dk
#BSUB -N s204088@dtu.dk
#BSUB -o single100_batched.out
#BSUB -e single100_batched.err

# Load modules
module load cuda/11.7

# Go to project directory
cd /dtu/blackhole/1d/155613/vae-latent-geometry || exit 1

# Activate virtual environment
source /dtu/blackhole/1d/155613/venv_geometry/bin/activate

# Set HOME and prepare cache/config folders
export HOME=$PWD
mkdir -p "$HOME/.cache" "$HOME/.config" "$HOME/.huggingface"

export PYTHONPATH=$PWD:$PYTHONPATH

# Run single decoder pipeline (batched)
python -m src.single_decoder.init_spline --seed 123 --pairfile selected_pairs_100.json
python -m src.single_decoder.optimize_energy_batched --seed 123 --pairfile selected_pairs_100.json
python -m src.single_decoder.density_batched --seed 123 --pairs_path src/artifacts/selected_pairs_100.json

------------------------------------------------------------

Successfully completed.

Resource usage summary:

    CPU time :                                   226.24 sec.
    Max Memory :                                 740 MB
    Average Memory :                             487.50 MB
    Total Requested Memory :                     40000.00 MB
    Delta Memory :                               39260.00 MB
    Max Swap :                                   -
    Max Processes :                              4
    Max Threads :                                8
    Run time :                                   230 sec.
    Turnaround time :                            2707 sec.

The output (if any) is above this job summary.

