Loaded module: cuda/11.7
Running optimization for model_seed12.pt with entropy init
[INFO] Device: cuda
[INFO] Automatically using spline: experiment/splines_init_model_seed12/spline_batch_init_entropy_133.pt
[DEBUG] Loaded model: experiment/model_seed12.pt
[CHECK] All decoders identical? False
Decoders are (at least slightly) diverse.
[INFO] Optimizing 8777 splines (n_poly=4, K=5)
Batched optimization:   0%|          | 0/9 [00:00<?, ?it/s]Batched optimization:  11%|█         | 1/9 [12:10<1:37:21, 730.19s/it]Batched optimization:  22%|██▏       | 2/9 [24:19<1:25:07, 729.63s/it]Batched optimization:  33%|███▎      | 3/9 [36:27<1:12:53, 728.95s/it]Batched optimization:  44%|████▍     | 4/9 [48:35<1:00:42, 728.52s/it]Batched optimization:  56%|█████▌    | 5/9 [1:00:42<48:32, 728.01s/it]Batched optimization:  67%|██████▋   | 6/9 [1:12:51<36:24, 728.25s/it]Batched optimization:  78%|███████▊  | 7/9 [1:24:59<24:16, 728.25s/it]Batched optimization:  89%|████████▉ | 8/9 [1:37:08<12:08, 728.46s/it]Batched optimization: 100%|██████████| 9/9 [1:46:32<00:00, 677.21s/it]Batched optimization: 100%|██████████| 9/9 [1:46:32<00:00, 710.33s/it]
[BATCH] Batch 1/9: optimizing splines [0:1000]
[Step 0] Mean Energy: 179921.8281
[Step 50] Mean Energy: 173023.3438
[Step 100] Mean Energy: 167977.9219
[Step 150] Mean Energy: 163729.5625
[Step 200] Mean Energy: 159837.9062
[Step 250] Mean Energy: 156563.5312
[Step 300] Mean Energy: 153620.2344
[Step 350] Mean Energy: 150937.7500
[Step 400] Mean Energy: 148486.3438
[Step 450] Mean Energy: 146338.5000
[Step 500] Mean Energy: 144367.3281
[Step 550] Mean Energy: 142558.8281
[Step 600] Mean Energy: 140860.4375
[Step 650] Mean Energy: 139317.1250
[Step 700] Mean Energy: 137715.8125
[Step 750] Mean Energy: 136382.7969
[Step 800] Mean Energy: 135084.2031
[Step 850] Mean Energy: 133804.8750
[Step 900] Mean Energy: 132605.2031
[Step 950] Mean Energy: 131535.3906
[BATCH] Batch 2/9: optimizing splines [1000:2000]
[Step 0] Mean Energy: 121792.9141
[Step 50] Mean Energy: 117720.0078
[Step 100] Mean Energy: 114917.6406
[Step 150] Mean Energy: 112598.8359
[Step 200] Mean Energy: 110693.2344
[Step 250] Mean Energy: 108903.8594
[Step 300] Mean Energy: 107224.5625
[Step 350] Mean Energy: 105815.3438
[Step 400] Mean Energy: 104491.2344
[Step 450] Mean Energy: 103249.8516
[Step 500] Mean Energy: 102202.4688
[Step 550] Mean Energy: 101155.9531
[Step 600] Mean Energy: 100277.0469
[Step 650] Mean Energy: 99352.6094
[Step 700] Mean Energy: 98502.5156
[Step 750] Mean Energy: 97821.6172
[Step 800] Mean Energy: 97010.2578
[Step 850] Mean Energy: 96282.5156
[Step 900] Mean Energy: 95600.5312
[Step 950] Mean Energy: 94907.5547
[BATCH] Batch 3/9: optimizing splines [2000:3000]
[Step 0] Mean Energy: 122201.2031
[Step 50] Mean Energy: 118718.0547
[Step 100] Mean Energy: 116488.3594
[Step 150] Mean Energy: 114604.1484
[Step 200] Mean Energy: 112925.4609
[Step 250] Mean Energy: 111414.3125
[Step 300] Mean Energy: 110130.1250
[Step 350] Mean Energy: 108963.5547
[Step 400] Mean Energy: 107776.4219
[Step 450] Mean Energy: 106777.6875
[Step 500] Mean Energy: 105784.7188
[Step 550] Mean Energy: 104872.5625
[Step 600] Mean Energy: 104074.5781
[Step 650] Mean Energy: 103158.9844
[Step 700] Mean Energy: 102388.0312
[Step 750] Mean Energy: 101583.3125
[Step 800] Mean Energy: 100855.8672
[Step 850] Mean Energy: 100126.0547
[Step 900] Mean Energy: 99463.0000
[Step 950] Mean Energy: 98776.1875
[BATCH] Batch 4/9: optimizing splines [3000:4000]
[Step 0] Mean Energy: 141702.4688
[Step 50] Mean Energy: 134624.7812
[Step 100] Mean Energy: 130269.7969
[Step 150] Mean Energy: 126753.6562
[Step 200] Mean Energy: 123828.1797
[Step 250] Mean Energy: 121286.8828
[Step 300] Mean Energy: 118963.9219
[Step 350] Mean Energy: 117063.0156
[Step 400] Mean Energy: 115259.9766
[Step 450] Mean Energy: 113546.8203
[Step 500] Mean Energy: 112064.2734
[Step 550] Mean Energy: 110686.7891
[Step 600] Mean Energy: 109409.9609
[Step 650] Mean Energy: 108204.7266
[Step 700] Mean Energy: 107024.1406
[Step 750] Mean Energy: 106017.4062
[Step 800] Mean Energy: 104981.3828
[Step 850] Mean Energy: 104096.4922
[Step 900] Mean Energy: 103195.4609
[Step 950] Mean Energy: 102395.5547
[BATCH] Batch 5/9: optimizing splines [4000:5000]
[Step 0] Mean Energy: 129514.1172
[Step 50] Mean Energy: 124678.4922
[Step 100] Mean Energy: 121388.9219
[Step 150] Mean Energy: 118763.3125
[Step 200] Mean Energy: 116494.0469
[Step 250] Mean Energy: 114466.5000
[Step 300] Mean Energy: 112718.3594
[Step 350] Mean Energy: 111051.1641
[Step 400] Mean Energy: 109666.3281
[Step 450] Mean Energy: 108333.8906
[Step 500] Mean Energy: 107242.5547
[Step 550] Mean Energy: 106110.9453
[Step 600] Mean Energy: 105136.1250
[Step 650] Mean Energy: 104279.7500
[Step 700] Mean Energy: 103395.8047
[Step 750] Mean Energy: 102541.6875
[Step 800] Mean Energy: 101698.6406
[Step 850] Mean Energy: 100894.0469
[Step 900] Mean Energy: 100237.0781
[Step 950] Mean Energy: 99536.8984
[BATCH] Batch 6/9: optimizing splines [5000:6000]
[Step 0] Mean Energy: 157579.3281
[Step 50] Mean Energy: 149733.3125
[Step 100] Mean Energy: 144632.7031
[Step 150] Mean Energy: 140780.3281
[Step 200] Mean Energy: 137394.0469
[Step 250] Mean Energy: 134601.9062
[Step 300] Mean Energy: 132182.0312
[Step 350] Mean Energy: 130040.0078
[Step 400] Mean Energy: 128067.6719
[Step 450] Mean Energy: 126181.5391
[Step 500] Mean Energy: 124545.8438
[Step 550] Mean Energy: 122991.2188
[Step 600] Mean Energy: 121626.8516
[Step 650] Mean Energy: 120215.6875
[Step 700] Mean Energy: 118981.0078
[Step 750] Mean Energy: 117753.6562
[Step 800] Mean Energy: 116561.6250
[Step 850] Mean Energy: 115307.4609
[Step 900] Mean Energy: 114321.9297
[Step 950] Mean Energy: 113199.5469
[BATCH] Batch 7/9: optimizing splines [6000:7000]
[Step 0] Mean Energy: 188509.9219
[Step 50] Mean Energy: 179990.4219
[Step 100] Mean Energy: 173393.1875
[Step 150] Mean Energy: 167900.5156
[Step 200] Mean Energy: 163128.4375
[Step 250] Mean Energy: 159222.3438
[Step 300] Mean Energy: 155687.3750
[Step 350] Mean Energy: 152573.5781
[Step 400] Mean Energy: 149893.5156
[Step 450] Mean Energy: 147438.4062
[Step 500] Mean Energy: 145208.7031
[Step 550] Mean Energy: 143230.4688
[Step 600] Mean Energy: 141379.6875
[Step 650] Mean Energy: 139629.6719
[Step 700] Mean Energy: 137984.3750
[Step 750] Mean Energy: 136464.8750
[Step 800] Mean Energy: 135011.1719
[Step 850] Mean Energy: 133601.2344
[Step 900] Mean Energy: 132308.2656
[Step 950] Mean Energy: 131044.1797
[BATCH] Batch 8/9: optimizing splines [7000:8000]
[Step 0] Mean Energy: 136138.5312
[Step 50] Mean Energy: 132817.9219
[Step 100] Mean Energy: 130261.8047
[Step 150] Mean Energy: 128141.8047
[Step 200] Mean Energy: 126234.3281
[Step 250] Mean Energy: 124594.7266
[Step 300] Mean Energy: 123103.2188
[Step 350] Mean Energy: 121632.4219
[Step 400] Mean Energy: 120477.0156
[Step 450] Mean Energy: 119288.9844
[Step 500] Mean Energy: 118154.8984
[Step 550] Mean Energy: 117168.6719
[Step 600] Mean Energy: 116258.1172
[Step 650] Mean Energy: 115342.8828
[Step 700] Mean Energy: 114544.1328
[Step 750] Mean Energy: 113734.6797
[Step 800] Mean Energy: 112956.9688
[Step 850] Mean Energy: 112300.5000
[Step 900] Mean Energy: 111552.7500
[Step 950] Mean Energy: 110887.6641
[BATCH] Batch 9/9: optimizing splines [8000:8777]
[Step 0] Mean Energy: 133889.9531
[Step 50] Mean Energy: 130743.4766
[Step 100] Mean Energy: 128353.5078
[Step 150] Mean Energy: 126453.5625
[Step 200] Mean Energy: 124677.9297
[Step 250] Mean Energy: 123129.7031
[Step 300] Mean Energy: 121754.5938
[Step 350] Mean Energy: 120389.5000
[Step 400] Mean Energy: 119257.0234
[Step 450] Mean Energy: 118207.4141
[Step 500] Mean Energy: 117148.3594
[Step 550] Mean Energy: 116280.1953
[Step 600] Mean Energy: 115230.1797
[Step 650] Mean Energy: 114529.5469
[Step 700] Mean Energy: 113657.6250
[Step 750] Mean Energy: 112971.0625
[Step 800] Mean Energy: 112232.5234
[Step 850] Mean Energy: 111632.5547
[Step 900] Mean Energy: 111016.4609
[Step 950] Mean Energy: 110448.3516
[✓] Saved optimized splines to: experiment/splines_opt_model_seed12/spline_batch_opt_entropy_133.pt
[✓] Saved initial+optimized spline plot to: experiment/splines_opt_model_seed12/spline_plot_both_entropy_133.png
