Loaded module: cuda/11.7
=== Loading raw data ONCE ===
=== Step 1: Training encoders ===
Saved encoder + loss curve for rerun 0
Saved encoder + loss curve for rerun 1
Saved encoder + loss curve for rerun 2
Saved encoder + loss curve for rerun 3
Saved encoder + loss curve for rerun 4
Saved encoder + loss curve for rerun 5
Saved encoder + loss curve for rerun 6
Saved encoder + loss curve for rerun 7
Saved encoder + loss curve for rerun 8
Saved encoder + loss curve for rerun 9

=== Step 2: Training EVAE with decoder ensembles ===
...
[DEBUG] encoder_rerun0 mean: -0.1078
[✓] Trained EVAE with 1 decoders | rerun 0
...
[DEBUG] encoder_rerun1 mean: -0.0619
[✓] Trained EVAE with 1 decoders | rerun 1
...
[DEBUG] encoder_rerun2 mean: -0.2760
[✓] Trained EVAE with 1 decoders | rerun 2
...
[DEBUG] encoder_rerun3 mean: 0.0650
[✓] Trained EVAE with 1 decoders | rerun 3
...
[DEBUG] encoder_rerun4 mean: -0.1332
[✓] Trained EVAE with 1 decoders | rerun 4
...
[DEBUG] encoder_rerun5 mean: -0.2365
[✓] Trained EVAE with 1 decoders | rerun 5
...
[DEBUG] encoder_rerun6 mean: -0.0426
[✓] Trained EVAE with 1 decoders | rerun 6
...
[DEBUG] encoder_rerun7 mean: 0.1534
[✓] Trained EVAE with 1 decoders | rerun 7
...
[DEBUG] encoder_rerun8 mean: -0.1167
[✓] Trained EVAE with 1 decoders | rerun 8
...
[DEBUG] encoder_rerun9 mean: -0.1203
[✓] Trained EVAE with 1 decoders | rerun 9
...
[DEBUG] encoder_rerun0 mean: -0.1078
[✓] Trained EVAE with 2 decoders | rerun 0
...
[DEBUG] encoder_rerun1 mean: -0.0619
[✓] Trained EVAE with 2 decoders | rerun 1
...
[DEBUG] encoder_rerun2 mean: -0.2760
[✓] Trained EVAE with 2 decoders | rerun 2
...
[DEBUG] encoder_rerun3 mean: 0.0650
[✓] Trained EVAE with 2 decoders | rerun 3
...
[DEBUG] encoder_rerun4 mean: -0.1332
[✓] Trained EVAE with 2 decoders | rerun 4
...
[DEBUG] encoder_rerun5 mean: -0.2365
[✓] Trained EVAE with 2 decoders | rerun 5
...
[DEBUG] encoder_rerun6 mean: -0.0426
[✓] Trained EVAE with 2 decoders | rerun 6
...
[DEBUG] encoder_rerun7 mean: 0.1534
[✓] Trained EVAE with 2 decoders | rerun 7
...
[DEBUG] encoder_rerun8 mean: -0.1167
[✓] Trained EVAE with 2 decoders | rerun 8
...
[DEBUG] encoder_rerun9 mean: -0.1203
[✓] Trained EVAE with 2 decoders | rerun 9
...
[DEBUG] encoder_rerun0 mean: -0.1078
[✓] Trained EVAE with 3 decoders | rerun 0
...
[DEBUG] encoder_rerun1 mean: -0.0619
[✓] Trained EVAE with 3 decoders | rerun 1
...
[DEBUG] encoder_rerun2 mean: -0.2760
[✓] Trained EVAE with 3 decoders | rerun 2
...
[DEBUG] encoder_rerun3 mean: 0.0650
[✓] Trained EVAE with 3 decoders | rerun 3
...
[DEBUG] encoder_rerun4 mean: -0.1332
[✓] Trained EVAE with 3 decoders | rerun 4
...
[DEBUG] encoder_rerun5 mean: -0.2365
[✓] Trained EVAE with 3 decoders | rerun 5
...
[DEBUG] encoder_rerun6 mean: -0.0426
[✓] Trained EVAE with 3 decoders | rerun 6
...
[DEBUG] encoder_rerun7 mean: 0.1534
[✓] Trained EVAE with 3 decoders | rerun 7
...
[DEBUG] encoder_rerun8 mean: -0.1167
[✓] Trained EVAE with 3 decoders | rerun 8
...
[DEBUG] encoder_rerun9 mean: -0.1203
[✓] Trained EVAE with 3 decoders | rerun 9
...
[DEBUG] encoder_rerun0 mean: -0.1078
[✓] Trained EVAE with 4 decoders | rerun 0
...
[DEBUG] encoder_rerun1 mean: -0.0619
[✓] Trained EVAE with 4 decoders | rerun 1
...
[DEBUG] encoder_rerun2 mean: -0.2760
[✓] Trained EVAE with 4 decoders | rerun 2
...
[DEBUG] encoder_rerun3 mean: 0.0650
[✓] Trained EVAE with 4 decoders | rerun 3
...
[DEBUG] encoder_rerun4 mean: -0.1332
[✓] Trained EVAE with 4 decoders | rerun 4
...
[DEBUG] encoder_rerun5 mean: -0.2365
[✓] Trained EVAE with 4 decoders | rerun 5
...
[DEBUG] encoder_rerun6 mean: -0.0426
[✓] Trained EVAE with 4 decoders | rerun 6
...
[DEBUG] encoder_rerun7 mean: 0.1534
[✓] Trained EVAE with 4 decoders | rerun 7
...
[DEBUG] encoder_rerun8 mean: -0.1167
[✓] Trained EVAE with 4 decoders | rerun 8
...
[DEBUG] encoder_rerun9 mean: -0.1203
[✓] Trained EVAE with 4 decoders | rerun 9
...
[DEBUG] encoder_rerun0 mean: -0.1078
[✓] Trained EVAE with 5 decoders | rerun 0
...
[DEBUG] encoder_rerun1 mean: -0.0619
[✓] Trained EVAE with 5 decoders | rerun 1
...
[DEBUG] encoder_rerun2 mean: -0.2760
[✓] Trained EVAE with 5 decoders | rerun 2
...
[DEBUG] encoder_rerun3 mean: 0.0650
[✓] Trained EVAE with 5 decoders | rerun 3
...
[DEBUG] encoder_rerun4 mean: -0.1332
[✓] Trained EVAE with 5 decoders | rerun 4
...
[DEBUG] encoder_rerun5 mean: -0.2365
[✓] Trained EVAE with 5 decoders | rerun 5
...
[DEBUG] encoder_rerun6 mean: -0.0426
[✓] Trained EVAE with 5 decoders | rerun 6
...
[DEBUG] encoder_rerun7 mean: 0.1534
[✓] Trained EVAE with 5 decoders | rerun 7
...
[DEBUG] encoder_rerun8 mean: -0.1167
[✓] Trained EVAE with 5 decoders | rerun 8
...
[DEBUG] encoder_rerun9 mean: -0.1203
[✓] Trained EVAE with 5 decoders | rerun 9
...
[DEBUG] encoder_rerun0 mean: -0.1078
[✓] Trained EVAE with 6 decoders | rerun 0
...
[DEBUG] encoder_rerun1 mean: -0.0619
[✓] Trained EVAE with 6 decoders | rerun 1
...
[DEBUG] encoder_rerun2 mean: -0.2760
[✓] Trained EVAE with 6 decoders | rerun 2
...
[DEBUG] encoder_rerun3 mean: 0.0650
[✓] Trained EVAE with 6 decoders | rerun 3
...
[DEBUG] encoder_rerun4 mean: -0.1332
[✓] Trained EVAE with 6 decoders | rerun 4
...
[DEBUG] encoder_rerun5 mean: -0.2365
[✓] Trained EVAE with 6 decoders | rerun 5
...
[DEBUG] encoder_rerun6 mean: -0.0426
[✓] Trained EVAE with 6 decoders | rerun 6
...
[DEBUG] encoder_rerun7 mean: 0.1534
[✓] Trained EVAE with 6 decoders | rerun 7
...
[DEBUG] encoder_rerun8 mean: -0.1167
[✓] Trained EVAE with 6 decoders | rerun 8
...
[DEBUG] encoder_rerun9 mean: -0.1203
[✓] Trained EVAE with 6 decoders | rerun 9
